TN:
SF:/home/juanjo/MEGAsync/platziverse/platziverse-db/index.js
FN:9,(anonymous_0)
FNF:1
FNH:1
FNDA:3,(anonymous_0)
DA:3,3
DA:4,3
DA:5,3
DA:6,3
DA:7,3
DA:9,3
DA:10,3
DA:22,3
DA:23,3
DA:24,3
DA:26,3
DA:27,3
DA:29,3
DA:31,3
DA:32,0
DA:35,3
DA:36,3
DA:38,3
LF:18
LH:17
BRDA:31,0,0,0
BRDA:31,0,1,3
BRF:2
BRH:1
end_of_record
TN:
SF:/home/juanjo/MEGAsync/platziverse/platziverse-db/lib/agent.js
FN:3,setupAgent
FN:4,findById
FNF:2
FNH:2
FNDA:3,setupAgent
FNDA:1,findById
DA:3,1
DA:6,3
LF:2
LH:2
BRF:0
BRH:0
end_of_record
TN:
SF:/home/juanjo/MEGAsync/platziverse/platziverse-db/lib/db.js
FN:6,setupDatabase
FNF:1
FNH:1
FNDA:3,setupDatabase
DA:3,1
DA:4,1
DA:6,1
DA:7,3
DA:8,1
DA:11,3
LF:6
LH:6
BRDA:7,0,0,1
BRDA:7,0,1,2
BRF:2
BRH:2
end_of_record
TN:
SF:/home/juanjo/MEGAsync/platziverse/platziverse-db/models/agent.js
FN:6,setupAgentModel
FNF:1
FNH:0
FNDA:0,setupAgentModel
DA:3,1
DA:4,1
DA:6,1
DA:7,0
DA:9,0
LF:5
LH:3
BRF:0
BRH:0
end_of_record
TN:
SF:/home/juanjo/MEGAsync/platziverse/platziverse-db/models/metric.js
FN:6,setupMetricModel
FNF:1
FNH:0
FNDA:0,setupMetricModel
DA:3,1
DA:4,1
DA:6,1
DA:7,0
DA:9,0
LF:5
LH:3
BRF:0
BRH:0
end_of_record
TN:
SF:/home/juanjo/MEGAsync/platziverse/platziverse-db/tests/agent-tests.js
FN:10,(anonymous_4)
FN:24,(anonymous_5)
FN:30,(anonymous_6)
FN:31,(anonymous_7)
FN:36,(anonymous_8)
FN:40,(anonymous_9)
FN:44,(anonymous_10)
FN:51,(anonymous_11)
FNF:8
FNH:8
FNDA:3,(anonymous_4)
FNDA:3,(anonymous_5)
FNDA:3,(anonymous_6)
FNDA:3,(anonymous_7)
FNDA:2,(anonymous_8)
FNDA:1,(anonymous_9)
FNDA:1,(anonymous_10)
FNDA:1,(anonymous_11)
DA:3,1
DA:4,1
DA:5,1
DA:7,1
DA:9,1
DA:13,1
DA:17,1
DA:18,1
DA:19,1
DA:20,1
DA:21,1
DA:24,1
DA:25,3
DA:26,3
DA:29,3
DA:30,3
DA:31,3
DA:33,3
DA:36,1
DA:37,2
DA:40,1
DA:41,1
DA:44,4
DA:45,1
DA:46,1
DA:47,1
DA:48,1
DA:51,1
DA:52,1
DA:54,1
LF:30
LH:30
BRDA:37,0,0,2
BRDA:37,0,1,2
BRF:2
BRH:2
end_of_record
TN:
SF:/home/juanjo/MEGAsync/platziverse/platziverse-db/tests/fixtures/agent.js
FN:22,extend
FN:30,(anonymous_1)
FN:31,(anonymous_2)
FN:32,(anonymous_3)
FN:32,(anonymous_4)
FN:33,(anonymous_5)
FN:33,(anonymous_6)
FNF:7
FNH:5
FNDA:3,extend
FNDA:4,(anonymous_1)
FNDA:4,(anonymous_2)
FNDA:0,(anonymous_3)
FNDA:0,(anonymous_4)
FNDA:1,(anonymous_5)
FNDA:4,(anonymous_6)
DA:3,1
DA:15,1
DA:23,3
DA:24,3
DA:27,1
DA:30,4
DA:31,4
DA:32,0
DA:33,4
LF:9
LH:8
BRF:0
BRH:0
end_of_record
